-------------------------------------------------------------------------------
Test set: com.example.solutions.TestSolutions
-------------------------------------------------------------------------------
Tests run: 4, Failures: 1, Errors: 0, Skipped: 0, Time elapsed: 0.028 s <<< FAILURE! - in com.example.solutions.TestSolutions
testCompleteDayPairs  Time elapsed: 0.001 s  <<< FAILURE!
org.opentest4j.AssertionFailedError: expected: <0> but was: <1>
	at com.example.solutions.TestSolutions.testCompleteDayPairs(TestSolutions.java:36)

